\BOOKMARK [0][-]{section*.1}{摘要}{}
\BOOKMARK [0][-]{section*.3}{Abstract}{}
\BOOKMARK [0][-]{section*.5}{本论文专用术语的注释表}{}
\BOOKMARK [0][-]{section*.7}{目录}{}
\BOOKMARK [0][-]{chapter.1}{1 绪论}{}
\BOOKMARK [1][-]{section.1.1}{1.1 立题的背景和意义}{chapter.1}
\BOOKMARK [1][-]{section.1.2}{1.2 国内外研究概况}{chapter.1}
\BOOKMARK [2][-]{subsection.1.2.1}{1.2.1 驾驶人行为特性研究}{section.1.2}
\BOOKMARK [2][-]{subsection.1.2.2}{1.2.2 驾驶人与驾驶行为建模}{section.1.2}
\BOOKMARK [2][-]{subsection.1.2.3}{1.2.3 驾驶人行为与交通流关系研究}{section.1.2}
\BOOKMARK [2][-]{subsection.1.2.4}{1.2.4 国内外研究总结}{section.1.2}
\BOOKMARK [1][-]{section.1.3}{1.3 研究内容和论文框架}{chapter.1}
\BOOKMARK [2][-]{subsection.1.3.1}{1.3.1 项目依托}{section.1.3}
\BOOKMARK [2][-]{subsection.1.3.2}{1.3.2 研究内容}{section.1.3}
\BOOKMARK [2][-]{subsection.1.3.3}{1.3.3 论文框架}{section.1.3}
\BOOKMARK [0][-]{chapter.2}{2 驾驶人行为特性的内涵}{}
\BOOKMARK [0][-]{chapter.3}{3 驾驶人行为特性实验}{}
\BOOKMARK [1][-]{section.3.1}{3.1 有关驾驶人行为特性实验方法回顾}{chapter.3}
\BOOKMARK [1][-]{section.3.2}{3.2 实验设计}{chapter.3}
\BOOKMARK [2][-]{subsection.3.2.1}{3.2.1 实验目的}{section.3.2}
\BOOKMARK [2][-]{subsection.3.2.2}{3.2.2 实验获取的数据}{section.3.2}
\BOOKMARK [2][-]{subsection.3.2.3}{3.2.3 实验设备}{section.3.2}
\BOOKMARK [2][-]{subsection.3.2.4}{3.2.4 实验原理}{section.3.2}
\BOOKMARK [2][-]{subsection.3.2.5}{3.2.5 实验方法}{section.3.2}
\BOOKMARK [0][-]{section*.10}{致谢}{}
\BOOKMARK [0][-]{section*.13}{参考文献}{}
\BOOKMARK [0][-]{appendix.A}{A 第一个附录}{}
\BOOKMARK [0][-]{appendix.B}{B 第二个附录}{}
\BOOKMARK [0][-]{section*.14}{作者简介}{}
